<?xml version="1.0" encoding="UTF-8"?>
<!-- Generated by org.testng.reporters.JUnitXMLReporter -->
<testsuite hostname="KMBN3078" ignored="0" tests="0" failures="0" timestamp="30 Sep 2019 06:53:38 GMT" time="0.005" errors="0">
  <testcase name="@BeforeSuite executionController" time="0.597" classname="STACore.staLauncher.STALauncher">
    <failure type="java.lang.IncompatibleClassChangeError" message="Found interface org.apache.poi.util.POILogger, but class was expected">
      <![CDATA[java.lang.IncompatibleClassChangeError: Found interface org.apache.poi.util.POILogger, but class was expected
at org.apache.poi.openxml4j.opc.PackageRelationshipCollection.parseRelationshipsPart(PackageRelationshipCollection.java:303)
at org.apache.poi.openxml4j.opc.PackageRelationshipCollection.<init>(PackageRelationshipCollection.java:163)
at org.apache.poi.openxml4j.opc.PackageRelationshipCollection.<init>(PackageRelationshipCollection.java:133)
at org.apache.poi.openxml4j.opc.PackagePart.loadRelationships(PackagePart.java:570)
at org.apache.poi.openxml4j.opc.OPCPackage.getParts(OPCPackage.java:723)
at org.apache.poi.openxml4j.opc.OPCPackage.open(OPCPackage.java:302)
at org.apache.poi.ooxml.util.PackageHelper.open(PackageHelper.java:37)
at org.apache.poi.xssf.usermodel.XSSFWorkbook.<init>(XSSFWorkbook.java:307)
at STACore.configurationReader.ConfigurationReader.loadExcelLines(ConfigurationReader.java:44)
at STACore.staInitializer.STAInitializer.LoadTestData(STAInitializer.java:215)
at STACore.staInitializer.STAInitializer.InitializeApplicationVariable(STAInitializer.java:57)
at STACore.staLauncher.STALauncher.executionController(STALauncher.java:87)
... Removed 20 stack frames]]>
    </failure>
  </testcase> <!-- @BeforeSuite executionController -->
</testsuite>
