<?xml version="1.0" encoding="UTF-8"?>
<testng-results skipped="0" failed="0" ignored="0" total="0" passed="0">
  <reporter-output>
  </reporter-output>
  <suite name="wallethub Automation Launcher" duration-ms="5" started-at="2019-09-30T06:53:38Z" finished-at="2019-09-30T06:53:38Z">
    <groups>
    </groups>
    <test name="wallethub Automation Suite Launcher" duration-ms="5" started-at="2019-09-30T06:53:38Z" finished-at="2019-09-30T06:53:38Z">
      <class name="STACore.staLauncher.STALauncher">
        <test-method status="FAIL" signature="executionController(java.lang.String, java.lang.String, java.lang.String, java.lang.String, java.lang.String, java.lang.String)[pri:0, instance:STACore.staLauncher.STALauncher@dd0c991]" name="executionController" is-config="true" duration-ms="597" started-at="2019-09-30T06:53:38Z" finished-at="2019-09-30T06:53:38Z">
          <params>
            <param index="0">
              <value>
                <![CDATA[wallethub]]>
              </value>
            </param>
            <param index="1">
              <value>
                <![CDATA[Yes]]>
              </value>
            </param>
            <param index="2">
              <value>
                <![CDATA[Yes]]>
              </value>
            </param>
            <param index="3">
              <value>
                <![CDATA[1.0]]>
              </value>
            </param>
            <param index="4">
              <value>
                <![CDATA[No]]>
              </value>
            </param>
            <param index="5">
              <value>
                <![CDATA[Yes]]>
              </value>
            </param>
          </params>
          <exception class="java.lang.IncompatibleClassChangeError">
            <message>
              <![CDATA[Found interface org.apache.poi.util.POILogger, but class was expected]]>
            </message>
            <full-stacktrace>
              <![CDATA[java.lang.IncompatibleClassChangeError: Found interface org.apache.poi.util.POILogger, but class was expected
at org.apache.poi.openxml4j.opc.PackageRelationshipCollection.parseRelationshipsPart(PackageRelationshipCollection.java:303)
at org.apache.poi.openxml4j.opc.PackageRelationshipCollection.<init>(PackageRelationshipCollection.java:163)
at org.apache.poi.openxml4j.opc.PackageRelationshipCollection.<init>(PackageRelationshipCollection.java:133)
at org.apache.poi.openxml4j.opc.PackagePart.loadRelationships(PackagePart.java:570)
at org.apache.poi.openxml4j.opc.OPCPackage.getParts(OPCPackage.java:723)
at org.apache.poi.openxml4j.opc.OPCPackage.open(OPCPackage.java:302)
at org.apache.poi.ooxml.util.PackageHelper.open(PackageHelper.java:37)
at org.apache.poi.xssf.usermodel.XSSFWorkbook.<init>(XSSFWorkbook.java:307)
at STACore.configurationReader.ConfigurationReader.loadExcelLines(ConfigurationReader.java:44)
at STACore.staInitializer.STAInitializer.LoadTestData(STAInitializer.java:215)
at STACore.staInitializer.STAInitializer.InitializeApplicationVariable(STAInitializer.java:57)
at STACore.staLauncher.STALauncher.executionController(STALauncher.java:87)
at sun.reflect.NativeMethodAccessorImpl.invoke0(Native Method)
at sun.reflect.NativeMethodAccessorImpl.invoke(Unknown Source)
at sun.reflect.DelegatingMethodAccessorImpl.invoke(Unknown Source)
at java.lang.reflect.Method.invoke(Unknown Source)
at org.testng.internal.MethodInvocationHelper.invokeMethod(MethodInvocationHelper.java:124)
at org.testng.internal.MethodInvocationHelper.invokeMethodConsideringTimeout(MethodInvocationHelper.java:59)
at org.testng.internal.Invoker.invokeConfigurationMethod(Invoker.java:455)
at org.testng.internal.Invoker.invokeConfigurations(Invoker.java:222)
at org.testng.internal.Invoker.invokeConfigurations(Invoker.java:142)
at org.testng.SuiteRunner.privateRun(SuiteRunner.java:401)
at org.testng.SuiteRunner.run(SuiteRunner.java:364)
at org.testng.SuiteRunnerWorker.runSuite(SuiteRunnerWorker.java:52)
at org.testng.SuiteRunnerWorker.run(SuiteRunnerWorker.java:84)
at org.testng.TestNG.runSuitesSequentially(TestNG.java:1208)
at org.testng.TestNG.runSuitesLocally(TestNG.java:1137)
at org.testng.TestNG.runSuites(TestNG.java:1049)
at org.testng.TestNG.run(TestNG.java:1017)
at org.testng.remote.AbstractRemoteTestNG.run(AbstractRemoteTestNG.java:132)
at org.testng.remote.RemoteTestNG.initAndRun(RemoteTestNG.java:230)
at org.testng.remote.RemoteTestNG.main(RemoteTestNG.java:76)
]]>
            </full-stacktrace>
          </exception> <!-- java.lang.IncompatibleClassChangeError -->
          <reporter-output>
          </reporter-output>
        </test-method> <!-- executionController -->
      </class> <!-- STACore.staLauncher.STALauncher -->
    </test> <!-- wallethub Automation Suite Launcher -->
  </suite> <!-- wallethub Automation Launcher -->
</testng-results>
